<?xml version="1.0" encoding="UTF-8"?>
<testng-results ignored="0" total="1" passed="1" failed="0" skipped="0">
  <reporter-output>
  </reporter-output>
  <suite started-at="2025-04-13T16:28:13 IST" name="Default suite" finished-at="2025-04-13T16:28:16 IST" duration-ms="3028">
    <groups>
    </groups>
    <test started-at="2025-04-13T16:28:13 IST" name="Default test" finished-at="2025-04-13T16:28:16 IST" duration-ms="3028">
      <class name="excelToApiTesting.ExcelWithApi">
        <test-method signature="addBook()[pri:0, instance:excelToApiTesting.ExcelWithApi@3023df74]" started-at="2025-04-13T16:28:13 IST" name="addBook" finished-at="2025-04-13T16:28:16 IST" duration-ms="2977" status="PASS">
          <reporter-output>
          </reporter-output>
        </test-method> <!-- addBook -->
      </class> <!-- excelToApiTesting.ExcelWithApi -->
    </test> <!-- Default test -->
  </suite> <!-- Default suite -->
</testng-results>
